<component name="libraryTable">
  <library name="junit-4.10">
    <CLASSES>
      <root url="jar://$USER_HOME$/.gradle/caches/artifacts-4/junit/junit/c12498cf18507aa6433a94eb7d3e77d5/jars/junit-4.10.jar!/" />
    </CLASSES>
    <JAVADOC />
    <SOURCES>
      <root url="jar://$USER_HOME$/.gradle/caches/artifacts-4/junit/junit/c12498cf18507aa6433a94eb7d3e77d5/sources/junit-4.10-sources.jar!/" />
    </SOURCES>
  </library>
</component>